Using pre-set license
Built from '2020.3/staging' branch; Version is '2020.3.11f1 (99c7afb366b3) revision 10078127'; Using compiler version '192528614'; Build Type 'Release'
OS: 'Windows 10 Home; OS build 19042.1052; Version 2009; 64bit' Language: 'en' Physical Memory: 16333 MB
BatchMode: 1, IsHumanControllingUs: 0, StartBugReporterOnCrash: 0, Is64bit: 1, IsPro: 0

 COMMAND LINE ARGUMENTS:
C:\Program Files\Unity\Hub\Editor\2020.3.11f1\Editor\Unity.exe
-adb2
-batchMode
-noUpm
-name
AssetImportWorker0
-projectPath
C:/_Projects/Adventurer's Quest
-logFile
Logs/AssetImportWorker0.log
-srvPort
56352
Successfully changed project path to: C:/_Projects/Adventurer's Quest
C:/_Projects/Adventurer's Quest
Using Asset Import Pipeline V2.
Refreshing native plugins compatible for Editor in 45.08 ms, found 3 plugins.
Preloading 0 native plugins for Editor in 0.00 ms.
Initialize engine version: 2020.3.11f1 (99c7afb366b3)
[Subsystems] Discovering subsystems at path C:/Program Files/Unity/Hub/Editor/2020.3.11f1/Editor/Data/Resources/UnitySubsystems
[Subsystems] Discovering subsystems at path C:/_Projects/Adventurer's Quest/Assets
GfxDevice: creating device client; threaded=0
Direct3D:
    Version:  Direct3D 11.0 [level 11.1]
    Renderer: NVIDIA GeForce RTX 2060 (ID=0x1e89)
    Vendor:   
    VRAM:     5967 MB
    Driver:   27.21.14.6677
Initialize mono
Mono path[0] = 'C:/Program Files/Unity/Hub/Editor/2020.3.11f1/Editor/Data/Managed'
Mono path[1] = 'C:/Program Files/Unity/Hub/Editor/2020.3.11f1/Editor/Data/MonoBleedingEdge/lib/mono/unityjit'
Mono config path = 'C:/Program Files/Unity/Hub/Editor/2020.3.11f1/Editor/Data/MonoBleedingEdge/etc'
Using monoOptions --debugger-agent=transport=dt_socket,embedding=1,server=y,suspend=n,address=127.0.0.1:56484
Begin MonoManager ReloadAssembly
Registering precompiled unity dll's ...
Register platform support module: C:/Program Files/Unity/Hub/Editor/2020.3.11f1/Editor/Data/PlaybackEngines/WebGLSupport/UnityEditor.WebGL.Extensions.dll
Register platform support module: C:/Program Files/Unity/Hub/Editor/2020.3.11f1/Editor/Data/PlaybackEngines/WindowsStandaloneSupport/UnityEditor.WindowsStandalone.Extensions.dll
Registered in 0.002280 seconds.
Native extension for WindowsStandalone target not found
Native extension for WebGL target not found
Refreshing native plugins compatible for Editor in 41.60 ms, found 3 plugins.
Preloading 0 native plugins for Editor in 0.00 ms.
Mono: successfully reloaded assembly
- Completed reload, in  1.219 seconds
Platform modules already initialized, skipping
Registering precompiled user dll's ...
Registered in 0.004483 seconds.
Begin MonoManager ReloadAssembly
Native extension for WindowsStandalone target not found
Native extension for WebGL target not found
Refreshing native plugins compatible for Editor in 44.84 ms, found 3 plugins.
Preloading 0 native plugins for Editor in 0.00 ms.
Mono: successfully reloaded assembly
- Completed reload, in  1.197 seconds
Platform modules already initialized, skipping
========================================================================
Worker process is ready to serve import requests
Launched and connected shader compiler UnityShaderCompiler.exe after 0.05 seconds
Refreshing native plugins compatible for Editor in 0.51 ms, found 3 plugins.
Preloading 0 native plugins for Editor in 0.00 ms.
Unloading 2080 Unused Serialized files (Serialized files now loaded: 0)
System memory in use before: 92.8 MB.
System memory in use after: 92.8 MB.

Unloading 33 unused Assets to reduce memory usage. Loaded Objects now: 2513.
Total: 2.486700 ms (FindLiveObjects: 0.224200 ms CreateObjectMapping: 0.053800 ms MarkObjects: 2.063900 ms  DeleteObjects: 0.143600 ms)

========================================================================
Received Import Request.
  path: Assets
  artifactKey: Guid(00000000000000001000000000000000) Importer(815301076,1909f56bfc062723c751e8b465ee728b)
Start importing Assets using Guid(00000000000000001000000000000000) Importer(815301076,1909f56bfc062723c751e8b465ee728b)  -> (artifact id: '42d402b061de3733987d63b9cc3b64de') in 0.010723 seconds
  Import took 0.013999 seconds .

========================================================================
Received Import Request.
  Time since last request: 2.116779 seconds.
  path: Assets/Prefabs
  artifactKey: Guid(bcba85865a114f340badf1a8ab6c749a) Importer(815301076,1909f56bfc062723c751e8b465ee728b)
Start importing Assets/Prefabs using Guid(bcba85865a114f340badf1a8ab6c749a) Importer(815301076,1909f56bfc062723c751e8b465ee728b)  -> (artifact id: 'a2587f8bc4a277757ac6e6527f32c467') in 0.010320 seconds
  Import took 0.014238 seconds .

========================================================================
Received Import Request.
  Time since last request: 5.362910 seconds.
  path: Assets/Sounds
  artifactKey: Guid(61ce755d7035dd04c8d77f6db8dd6760) Importer(815301076,1909f56bfc062723c751e8b465ee728b)
Start importing Assets/Sounds using Guid(61ce755d7035dd04c8d77f6db8dd6760) Importer(815301076,1909f56bfc062723c751e8b465ee728b)  -> (artifact id: '93ab29bd34e7bb56148e7ba61ff057bd') in 0.007401 seconds
  Import took 0.011277 seconds .

========================================================================
Received Import Request.
  Time since last request: 5.619419 seconds.
  path: Assets/Scripts
  artifactKey: Guid(03cf280ad8924ac448c46821d146d0ab) Importer(815301076,1909f56bfc062723c751e8b465ee728b)
Start importing Assets/Scripts using Guid(03cf280ad8924ac448c46821d146d0ab) Importer(815301076,1909f56bfc062723c751e8b465ee728b)  -> (artifact id: 'f782107787365bd968a8e9de4f353605') in 0.008435 seconds
  Import took 0.014342 seconds .

========================================================================
Received Import Request.
  Time since last request: 9.979721 seconds.
  path: Assets/Sprites
  artifactKey: Guid(1b06a98dc2818ae4f8f7e173b9059002) Importer(815301076,1909f56bfc062723c751e8b465ee728b)
Start importing Assets/Sprites using Guid(1b06a98dc2818ae4f8f7e173b9059002) Importer(815301076,1909f56bfc062723c751e8b465ee728b)  -> (artifact id: '72501f92418422864808939810d81bb0') in 0.008068 seconds
  Import took 0.011352 seconds .

========================================================================
Received Import Request.
  Time since last request: 58.920031 seconds.
  path: Assets/Prefabs/Rooms
  artifactKey: Guid(12069f6619781374bbc7e02a4e67653f) Importer(815301076,1909f56bfc062723c751e8b465ee728b)
Start importing Assets/Prefabs/Rooms using Guid(12069f6619781374bbc7e02a4e67653f) Importer(815301076,1909f56bfc062723c751e8b465ee728b)  -> (artifact id: 'a35e496d4a71ad32439c0e2bc64530ae') in 0.011455 seconds
  Import took 0.016140 seconds .

========================================================================
Received Import Request.
  Time since last request: 33.543343 seconds.
  path: Assets/Scenes/SampleScene.unity
  artifactKey: Guid(2cda990e2423bbf4892e6590ba056729) Importer(815301076,1909f56bfc062723c751e8b465ee728b)
Start importing Assets/Scenes/SampleScene.unity using Guid(2cda990e2423bbf4892e6590ba056729) Importer(815301076,1909f56bfc062723c751e8b465ee728b)  -> (artifact id: 'aa27944bdea339c97c39027c7eea529c') in 0.017225 seconds
  Import took 0.020724 seconds .

========================================================================
Received Import Request.
  Time since last request: 16.326784 seconds.
  path: Assets/Scenes/Game.unity
  artifactKey: Guid(2cda990e2423bbf4892e6590ba056729) Importer(815301076,1909f56bfc062723c751e8b465ee728b)
Start importing Assets/Scenes/Game.unity using Guid(2cda990e2423bbf4892e6590ba056729) Importer(815301076,1909f56bfc062723c751e8b465ee728b)  -> (artifact id: '41b1d14b1c9cee80b6c568cc75c4166e') in 0.008260 seconds
  Import took 0.012101 seconds .

========================================================================
Received Import Request.
  Time since last request: 7.664413 seconds.
  path: Assets/Scenes
  artifactKey: Guid(b68bda0c8e6e3d1479995fffa3e71650) Importer(815301076,1909f56bfc062723c751e8b465ee728b)
Start importing Assets/Scenes using Guid(b68bda0c8e6e3d1479995fffa3e71650) Importer(815301076,1909f56bfc062723c751e8b465ee728b)  -> (artifact id: '9e9ec897634eb47056f0059dca94ab9e') in 0.012644 seconds
  Import took 0.017149 seconds .

========================================================================
Received Import Request.
  Time since last request: 9.246246 seconds.
  path: Assets/Scenes/Title.unity
  artifactKey: Guid(15ffaf5be980ebc4c89635e054ee8c27) Importer(815301076,1909f56bfc062723c751e8b465ee728b)
Start importing Assets/Scenes/Title.unity using Guid(15ffaf5be980ebc4c89635e054ee8c27) Importer(815301076,1909f56bfc062723c751e8b465ee728b)  -> (artifact id: '642264a597fcdd04cf808a37604857fe') in 0.012553 seconds
  Import took 0.017080 seconds .

========================================================================
Received Import Request.
  Time since last request: 28.025657 seconds.
  path: Assets/Scenes/Menu.unity
  artifactKey: Guid(d7f538e29f606bf48b9f06d2dc3b4a74) Importer(815301076,1909f56bfc062723c751e8b465ee728b)
Start importing Assets/Scenes/Menu.unity using Guid(d7f538e29f606bf48b9f06d2dc3b4a74) Importer(815301076,1909f56bfc062723c751e8b465ee728b)  -> (artifact id: 'a309c6dc285e5171db713b4ee3b1fbdf') in 0.008823 seconds
  Import took 0.013194 seconds .

